<?xml version="1.0" encoding="UTF-8"?>
<!-- Generated by org.testng.reporters.JUnitReportReporter -->
<testsuite hostname="uftuser-PC" name="com.acttime.usertest.USerTest" tests="3" failures="0" timestamp="26 Feb 2018 04:35:00 GMT" time="5.109" errors="0">
  <testcase name="cerateUSerTest" time="1.620" classname="com.acttime.usertest.USerTest"/>
  <testcase name="deleteUSerTest" time="2.401" classname="com.acttime.usertest.USerTest"/>
  <testcase name="modifyUSerTest" time="1.088" classname="com.acttime.usertest.USerTest"/>
</testsuite> <!-- com.acttime.usertest.USerTest -->
