<?xml version="1.0" encoding="UTF-8"?>
<!-- Generated by org.testng.reporters.JUnitReportReporter -->
<testsuite hostname="uftuser-PC" name="com.actime.customertest.CustomerTest" tests="2" failures="0" timestamp="26 Feb 2018 04:35:00 GMT" time="17.592" errors="0">
  <testcase name="createCustomerWithDescpTest" time="6.384" classname="com.actime.customertest.CustomerTest"/>
  <testcase name="createCustomerTest" time="11.208" classname="com.actime.customertest.CustomerTest"/>
</testsuite> <!-- com.actime.customertest.CustomerTest -->
